[2026-04-22T20:33:53.831Z] [INFO] Scheduled task: Full anatomy rescan (0 */6 * * *)
[2026-04-22T20:33:53.832Z] [INFO] Scheduled task: Consolidate old memory (0 2 * * *)
[2026-04-22T20:33:53.832Z] [INFO] Scheduled task: Token audit report (0 0 * * 1)
[2026-04-22T20:33:53.833Z] [INFO] Scheduled task: Cerebrum reflection (0 3 * * 0)
[2026-04-22T20:33:53.833Z] [INFO] Scheduled task: AI suggestions (0 4 * * 1)
[2026-04-22T20:33:53.833Z] [INFO] File watcher started on .wolf/
[2026-04-22T20:33:53.834Z] [INFO] OpenWolf daemon started
[2026-04-22T20:33:53.834Z] [INFO] Dashboard server listening on port 18791
[2026-04-22T20:33:54.511Z] [INFO] WebSocket client connected
[2026-04-22T20:35:12.926Z] [INFO] Scheduled task: Full anatomy rescan (0 */6 * * *)
[2026-04-22T20:35:12.927Z] [INFO] Scheduled task: Consolidate old memory (0 2 * * *)
[2026-04-22T20:35:12.927Z] [INFO] Scheduled task: Token audit report (0 0 * * 1)
[2026-04-22T20:35:12.927Z] [INFO] Scheduled task: Cerebrum reflection (0 3 * * 0)
[2026-04-22T20:35:12.928Z] [INFO] Scheduled task: AI suggestions (0 4 * * 1)
[2026-04-22T20:35:12.928Z] [INFO] File watcher started on .wolf/
[2026-04-22T20:35:12.929Z] [INFO] OpenWolf daemon started
[2026-04-22T20:35:12.929Z] [INFO] Dashboard server listening on port 18791
[2026-04-22T20:35:13.126Z] [INFO] Scheduled task: Full anatomy rescan (0 */6 * * *)
[2026-04-22T20:35:13.127Z] [INFO] Scheduled task: Consolidate old memory (0 2 * * *)
[2026-04-22T20:35:13.127Z] [INFO] Scheduled task: Token audit report (0 0 * * 1)
[2026-04-22T20:35:13.127Z] [INFO] Scheduled task: Cerebrum reflection (0 3 * * 0)
[2026-04-22T20:35:13.127Z] [INFO] Scheduled task: AI suggestions (0 4 * * 1)
[2026-04-22T20:35:13.128Z] [INFO] File watcher started on .wolf/
[2026-04-22T20:35:13.129Z] [INFO] OpenWolf daemon started
[2026-04-22T20:35:13.129Z] [INFO] Dashboard server listening on port 18791
[2026-04-22T20:35:13.341Z] [INFO] Scheduled task: Full anatomy rescan (0 */6 * * *)
[2026-04-22T20:35:13.342Z] [INFO] Scheduled task: Consolidate old memory (0 2 * * *)
[2026-04-22T20:35:13.342Z] [INFO] Scheduled task: Token audit report (0 0 * * 1)
[2026-04-22T20:35:13.342Z] [INFO] Scheduled task: Cerebrum reflection (0 3 * * 0)
[2026-04-22T20:35:13.342Z] [INFO] Scheduled task: AI suggestions (0 4 * * 1)
[2026-04-22T20:35:13.343Z] [INFO] File watcher started on .wolf/
[2026-04-22T20:35:13.343Z] [INFO] OpenWolf daemon started
[2026-04-22T20:35:13.344Z] [INFO] Dashboard server listening on port 18791
[2026-04-22T20:35:13.560Z] [INFO] Scheduled task: Full anatomy rescan (0 */6 * * *)
[2026-04-22T20:35:13.561Z] [INFO] Scheduled task: Consolidate old memory (0 2 * * *)
[2026-04-22T20:35:13.561Z] [INFO] Scheduled task: Token audit report (0 0 * * 1)
[2026-04-22T20:35:13.561Z] [INFO] Scheduled task: Cerebrum reflection (0 3 * * 0)
[2026-04-22T20:35:13.561Z] [INFO] Scheduled task: AI suggestions (0 4 * * 1)
[2026-04-22T20:35:13.562Z] [INFO] File watcher started on .wolf/
[2026-04-22T20:35:13.563Z] [INFO] OpenWolf daemon started
[2026-04-22T20:35:13.563Z] [INFO] Dashboard server listening on port 18791
[2026-04-22T20:35:13.790Z] [INFO] Scheduled task: Full anatomy rescan (0 */6 * * *)
[2026-04-22T20:35:13.791Z] [INFO] Scheduled task: Consolidate old memory (0 2 * * *)
[2026-04-22T20:35:13.792Z] [INFO] Scheduled task: Token audit report (0 0 * * 1)
[2026-04-22T20:35:13.792Z] [INFO] Scheduled task: Cerebrum reflection (0 3 * * 0)
[2026-04-22T20:35:13.792Z] [INFO] Scheduled task: AI suggestions (0 4 * * 1)
[2026-04-22T20:35:13.793Z] [INFO] File watcher started on .wolf/
[2026-04-22T20:35:13.793Z] [INFO] OpenWolf daemon started
[2026-04-22T20:35:13.794Z] [INFO] Dashboard server listening on port 18791
[2026-04-22T20:35:14.232Z] [INFO] Scheduled task: Full anatomy rescan (0 */6 * * *)
[2026-04-22T20:35:14.234Z] [INFO] Scheduled task: Consolidate old memory (0 2 * * *)
[2026-04-22T20:35:14.234Z] [INFO] Scheduled task: Token audit report (0 0 * * 1)
[2026-04-22T20:35:14.235Z] [INFO] Scheduled task: Cerebrum reflection (0 3 * * 0)
[2026-04-22T20:35:14.236Z] [INFO] Scheduled task: AI suggestions (0 4 * * 1)
[2026-04-22T20:35:14.236Z] [INFO] File watcher started on .wolf/
[2026-04-22T20:35:14.237Z] [INFO] OpenWolf daemon started
[2026-04-22T20:35:14.238Z] [INFO] Dashboard server listening on port 18791
[2026-04-22T20:35:14.455Z] [INFO] Scheduled task: Full anatomy rescan (0 */6 * * *)
[2026-04-22T20:35:14.456Z] [INFO] Scheduled task: Consolidate old memory (0 2 * * *)
[2026-04-22T20:35:14.457Z] [INFO] Scheduled task: Token audit report (0 0 * * 1)
[2026-04-22T20:35:14.457Z] [INFO] Scheduled task: Cerebrum reflection (0 3 * * 0)
[2026-04-22T20:35:14.457Z] [INFO] Scheduled task: AI suggestions (0 4 * * 1)
[2026-04-22T20:35:14.458Z] [INFO] File watcher started on .wolf/
[2026-04-22T20:35:14.458Z] [INFO] OpenWolf daemon started
[2026-04-22T20:35:14.459Z] [INFO] Dashboard server listening on port 18791
[2026-04-22T20:35:14.674Z] [INFO] Scheduled task: Full anatomy rescan (0 */6 * * *)
[2026-04-22T20:35:14.676Z] [INFO] Scheduled task: Consolidate old memory (0 2 * * *)
[2026-04-22T20:35:14.676Z] [INFO] Scheduled task: Token audit report (0 0 * * 1)
[2026-04-22T20:35:14.676Z] [INFO] Scheduled task: Cerebrum reflection (0 3 * * 0)
[2026-04-22T20:35:14.676Z] [INFO] Scheduled task: AI suggestions (0 4 * * 1)
[2026-04-22T20:35:14.677Z] [INFO] File watcher started on .wolf/
[2026-04-22T20:35:14.678Z] [INFO] OpenWolf daemon started
[2026-04-22T20:35:14.678Z] [INFO] Dashboard server listening on port 18791
[2026-04-22T20:35:14.887Z] [INFO] Scheduled task: Full anatomy rescan (0 */6 * * *)
[2026-04-22T20:35:14.888Z] [INFO] Scheduled task: Consolidate old memory (0 2 * * *)
[2026-04-22T20:35:14.888Z] [INFO] Scheduled task: Token audit report (0 0 * * 1)
[2026-04-22T20:35:14.889Z] [INFO] Scheduled task: Cerebrum reflection (0 3 * * 0)
[2026-04-22T20:35:14.889Z] [INFO] Scheduled task: AI suggestions (0 4 * * 1)
[2026-04-22T20:35:14.889Z] [INFO] File watcher started on .wolf/
[2026-04-22T20:35:14.890Z] [INFO] OpenWolf daemon started
[2026-04-22T20:35:14.890Z] [INFO] Dashboard server listening on port 18791
[2026-04-22T20:35:15.118Z] [INFO] Scheduled task: Full anatomy rescan (0 */6 * * *)
[2026-04-22T20:35:15.119Z] [INFO] Scheduled task: Consolidate old memory (0 2 * * *)
[2026-04-22T20:35:15.120Z] [INFO] Scheduled task: Token audit report (0 0 * * 1)
[2026-04-22T20:35:15.120Z] [INFO] Scheduled task: Cerebrum reflection (0 3 * * 0)
[2026-04-22T20:35:15.120Z] [INFO] Scheduled task: AI suggestions (0 4 * * 1)
[2026-04-22T20:35:15.121Z] [INFO] File watcher started on .wolf/
[2026-04-22T20:35:15.121Z] [INFO] OpenWolf daemon started
[2026-04-22T20:35:15.122Z] [INFO] Dashboard server listening on port 18791
[2026-04-22T20:35:15.332Z] [INFO] Scheduled task: Full anatomy rescan (0 */6 * * *)
[2026-04-22T20:35:15.333Z] [INFO] Scheduled task: Consolidate old memory (0 2 * * *)
[2026-04-22T20:35:15.333Z] [INFO] Scheduled task: Token audit report (0 0 * * 1)
[2026-04-22T20:35:15.333Z] [INFO] Scheduled task: Cerebrum reflection (0 3 * * 0)
[2026-04-22T20:35:15.333Z] [INFO] Scheduled task: AI suggestions (0 4 * * 1)
[2026-04-22T20:35:15.334Z] [INFO] File watcher started on .wolf/
[2026-04-22T20:35:15.334Z] [INFO] OpenWolf daemon started
[2026-04-22T20:35:15.335Z] [INFO] Dashboard server listening on port 18791
[2026-04-22T20:35:15.562Z] [INFO] Scheduled task: Full anatomy rescan (0 */6 * * *)
[2026-04-22T20:35:15.563Z] [INFO] Scheduled task: Consolidate old memory (0 2 * * *)
[2026-04-22T20:35:15.563Z] [INFO] Scheduled task: Token audit report (0 0 * * 1)
[2026-04-22T20:35:15.564Z] [INFO] Scheduled task: Cerebrum reflection (0 3 * * 0)
[2026-04-22T20:35:15.564Z] [INFO] Scheduled task: AI suggestions (0 4 * * 1)
[2026-04-22T20:35:15.564Z] [INFO] File watcher started on .wolf/
[2026-04-22T20:35:15.565Z] [INFO] OpenWolf daemon started
[2026-04-22T20:35:15.565Z] [INFO] Dashboard server listening on port 18791
[2026-04-22T20:35:15.785Z] [INFO] Scheduled task: Full anatomy rescan (0 */6 * * *)
[2026-04-22T20:35:15.786Z] [INFO] Scheduled task: Consolidate old memory (0 2 * * *)
[2026-04-22T20:35:15.786Z] [INFO] Scheduled task: Token audit report (0 0 * * 1)
[2026-04-22T20:35:15.787Z] [INFO] Scheduled task: Cerebrum reflection (0 3 * * 0)
[2026-04-22T20:35:15.787Z] [INFO] Scheduled task: AI suggestions (0 4 * * 1)
[2026-04-22T20:35:15.788Z] [INFO] File watcher started on .wolf/
[2026-04-22T20:35:15.788Z] [INFO] OpenWolf daemon started
[2026-04-22T20:35:15.789Z] [INFO] Dashboard server listening on port 18791
[2026-04-22T20:35:16.012Z] [INFO] Scheduled task: Full anatomy rescan (0 */6 * * *)
[2026-04-22T20:35:16.014Z] [INFO] Scheduled task: Consolidate old memory (0 2 * * *)
[2026-04-22T20:35:16.014Z] [INFO] Scheduled task: Token audit report (0 0 * * 1)
[2026-04-22T20:35:16.014Z] [INFO] Scheduled task: Cerebrum reflection (0 3 * * 0)
[2026-04-22T20:35:16.014Z] [INFO] Scheduled task: AI suggestions (0 4 * * 1)
[2026-04-22T20:35:16.015Z] [INFO] File watcher started on .wolf/
[2026-04-22T20:35:16.015Z] [INFO] OpenWolf daemon started
[2026-04-22T20:35:16.016Z] [INFO] Dashboard server listening on port 18791
[2026-04-22T20:35:16.235Z] [INFO] Scheduled task: Full anatomy rescan (0 */6 * * *)
[2026-04-22T20:35:16.236Z] [INFO] Scheduled task: Consolidate old memory (0 2 * * *)
[2026-04-22T20:35:16.236Z] [INFO] Scheduled task: Token audit report (0 0 * * 1)
[2026-04-22T20:35:16.236Z] [INFO] Scheduled task: Cerebrum reflection (0 3 * * 0)
[2026-04-22T20:35:16.237Z] [INFO] Scheduled task: AI suggestions (0 4 * * 1)
[2026-04-22T20:35:16.237Z] [INFO] File watcher started on .wolf/
[2026-04-22T20:35:16.238Z] [INFO] OpenWolf daemon started
[2026-04-22T20:35:16.238Z] [INFO] Dashboard server listening on port 18791
[2026-04-22T20:35:16.441Z] [INFO] Scheduled task: Full anatomy rescan (0 */6 * * *)
[2026-04-22T20:35:16.442Z] [INFO] Scheduled task: Consolidate old memory (0 2 * * *)
[2026-04-22T20:35:16.442Z] [INFO] Scheduled task: Token audit report (0 0 * * 1)
[2026-04-22T20:35:16.442Z] [INFO] Scheduled task: Cerebrum reflection (0 3 * * 0)
[2026-04-22T20:35:16.443Z] [INFO] Scheduled task: AI suggestions (0 4 * * 1)
[2026-04-22T20:35:16.443Z] [INFO] File watcher started on .wolf/
[2026-04-22T20:35:16.444Z] [INFO] OpenWolf daemon started
[2026-04-22T20:35:16.444Z] [INFO] Dashboard server listening on port 18791
[2026-04-22T20:35:35.093Z] [INFO] WebSocket client connected
[2026-04-22T20:35:54.164Z] [INFO] WebSocket client connected
[2026-04-22T20:36:06.504Z] [INFO] Executing task: Full anatomy rescan
[2026-04-22T20:36:06.591Z] [INFO] Task Full anatomy rescan completed in 87ms
[2026-04-22T20:36:09.765Z] [INFO] WebSocket client connected
[2026-04-23T07:50:30.028Z] [INFO] WebSocket client connected
[2026-04-23T10:00:00.881Z] [INFO] Executing task: Full anatomy rescan
[2026-04-23T10:00:00.967Z] [INFO] Task Full anatomy rescan completed in 86ms
[2026-04-23T16:00:00.720Z] [INFO] Executing task: Full anatomy rescan
[2026-04-23T16:00:00.817Z] [INFO] Task Full anatomy rescan completed in 97ms
[2026-04-23T22:00:00.459Z] [INFO] Executing task: Full anatomy rescan
[2026-04-23T22:00:00.543Z] [INFO] Task Full anatomy rescan completed in 84ms
[2026-04-24T00:00:00.447Z] [INFO] Executing task: Consolidate old memory
[2026-04-24T00:00:00.465Z] [INFO] Task Consolidate old memory completed in 15ms
[2026-04-24T04:00:00.302Z] [INFO] Executing task: Full anatomy rescan
[2026-04-24T04:00:00.404Z] [INFO] Task Full anatomy rescan completed in 101ms
[2026-04-24T10:00:00.091Z] [INFO] Executing task: Full anatomy rescan
[2026-04-24T10:00:00.183Z] [INFO] Task Full anatomy rescan completed in 92ms
[2026-04-24T16:00:00.990Z] [INFO] Executing task: Full anatomy rescan
[2026-04-24T16:00:01.099Z] [INFO] Task Full anatomy rescan completed in 110ms
[2026-04-24T22:00:00.709Z] [INFO] Executing task: Full anatomy rescan
[2026-04-24T22:00:00.801Z] [INFO] Task Full anatomy rescan completed in 93ms
[2026-04-25T00:00:00.775Z] [INFO] Executing task: Consolidate old memory
[2026-04-25T00:00:00.788Z] [INFO] Task Consolidate old memory completed in 10ms
[2026-04-25T04:00:00.628Z] [INFO] Executing task: Full anatomy rescan
[2026-04-25T04:00:00.725Z] [INFO] Task Full anatomy rescan completed in 97ms
[2026-04-25T10:00:00.744Z] [INFO] Executing task: Full anatomy rescan
[2026-04-25T10:00:00.828Z] [INFO] Task Full anatomy rescan completed in 84ms
[2026-04-25T16:00:00.298Z] [INFO] Executing task: Full anatomy rescan
[2026-04-25T16:00:00.400Z] [INFO] Task Full anatomy rescan completed in 101ms
[2026-04-25T22:00:00.762Z] [INFO] Executing task: Full anatomy rescan
[2026-04-25T22:00:00.878Z] [INFO] Task Full anatomy rescan completed in 115ms
[2026-04-26T00:00:00.319Z] [INFO] Executing task: Consolidate old memory
[2026-04-26T00:00:00.337Z] [INFO] Task Consolidate old memory completed in 14ms
[2026-04-26T01:00:00.124Z] [INFO] Executing task: Cerebrum reflection
[2026-04-26T01:00:18.114Z] [INFO] Task Cerebrum reflection completed in 17989ms
[2026-04-26T04:00:00.043Z] [INFO] Executing task: Full anatomy rescan
[2026-04-26T04:00:00.121Z] [INFO] Task Full anatomy rescan completed in 78ms
[2026-04-27T10:00:00.301Z] [INFO] Executing task: Full anatomy rescan
[2026-04-27T10:00:00.400Z] [INFO] Task Full anatomy rescan completed in 99ms
[2026-04-28T10:00:00.042Z] [INFO] Executing task: Full anatomy rescan
[2026-04-28T10:00:00.140Z] [INFO] Task Full anatomy rescan completed in 97ms
[2026-04-28T22:00:00.930Z] [INFO] Executing task: Full anatomy rescan
[2026-04-28T22:00:01.055Z] [INFO] Task Full anatomy rescan completed in 124ms
[2026-04-29T00:00:00.433Z] [INFO] Executing task: Consolidate old memory
[2026-04-29T00:00:00.450Z] [INFO] Task Consolidate old memory completed in 12ms
[2026-04-29T04:00:00.634Z] [INFO] Executing task: Full anatomy rescan
[2026-04-29T04:00:00.734Z] [INFO] Task Full anatomy rescan completed in 99ms
[2026-04-29T10:00:00.632Z] [INFO] Executing task: Full anatomy rescan
[2026-04-29T10:00:00.721Z] [INFO] Task Full anatomy rescan completed in 89ms
[2026-04-30T00:00:00.619Z] [INFO] Executing task: Consolidate old memory
[2026-04-30T00:00:00.650Z] [INFO] Task Consolidate old memory completed in 21ms
[2026-04-30T04:00:00.148Z] [INFO] Executing task: Full anatomy rescan
[2026-04-30T04:00:00.265Z] [INFO] Task Full anatomy rescan completed in 118ms
[2026-04-30T10:00:00.379Z] [INFO] Executing task: Full anatomy rescan
[2026-04-30T10:00:00.492Z] [INFO] Task Full anatomy rescan completed in 113ms
[2026-04-30T16:00:00.503Z] [INFO] Executing task: Full anatomy rescan
[2026-04-30T16:00:00.581Z] [INFO] Task Full anatomy rescan completed in 78ms
[2026-05-01T22:00:00.512Z] [INFO] Executing task: Full anatomy rescan
[2026-05-01T22:00:01.294Z] [INFO] Task Full anatomy rescan completed in 779ms
[2026-05-03T16:00:00.727Z] [INFO] Executing task: Full anatomy rescan
[2026-05-03T16:00:00.833Z] [INFO] Task Full anatomy rescan completed in 105ms
[2026-05-04T16:00:00.366Z] [INFO] Executing task: Full anatomy rescan
[2026-05-04T16:00:00.486Z] [INFO] Task Full anatomy rescan completed in 120ms
[2026-05-04T22:00:00.305Z] [INFO] Executing task: Full anatomy rescan
[2026-05-04T22:00:00.393Z] [INFO] Task Full anatomy rescan completed in 88ms
[2026-05-05T00:00:00.963Z] [INFO] Executing task: Consolidate old memory
[2026-05-05T00:00:00.984Z] [INFO] Task Consolidate old memory completed in 18ms
[2026-05-05T04:00:00.608Z] [INFO] Executing task: Full anatomy rescan
[2026-05-05T04:00:00.705Z] [INFO] Task Full anatomy rescan completed in 97ms
[2026-05-05T16:00:00.519Z] [INFO] Executing task: Full anatomy rescan
[2026-05-05T16:00:00.609Z] [INFO] Task Full anatomy rescan completed in 90ms
[2026-05-05T22:00:00.830Z] [INFO] Executing task: Full anatomy rescan
[2026-05-05T22:00:00.931Z] [INFO] Task Full anatomy rescan completed in 100ms
[2026-05-06T00:00:00.856Z] [INFO] Executing task: Consolidate old memory
[2026-05-06T00:00:00.885Z] [INFO] Task Consolidate old memory completed in 27ms
[2026-05-06T04:00:00.477Z] [INFO] Executing task: Full anatomy rescan
[2026-05-06T04:00:00.583Z] [INFO] Task Full anatomy rescan completed in 105ms
[2026-05-06T10:00:00.577Z] [INFO] Executing task: Full anatomy rescan
[2026-05-06T10:00:00.668Z] [INFO] Task Full anatomy rescan completed in 91ms
[2026-05-06T22:00:00.794Z] [INFO] Executing task: Full anatomy rescan
[2026-05-06T22:00:00.911Z] [INFO] Task Full anatomy rescan completed in 116ms
[2026-05-07T00:00:00.446Z] [INFO] Executing task: Consolidate old memory
[2026-05-07T00:00:00.465Z] [INFO] Task Consolidate old memory completed in 17ms
[2026-05-07T04:00:00.484Z] [INFO] Executing task: Full anatomy rescan
[2026-05-07T04:00:00.588Z] [INFO] Task Full anatomy rescan completed in 104ms
[2026-05-07T10:00:00.516Z] [INFO] Executing task: Full anatomy rescan
[2026-05-07T10:00:00.618Z] [INFO] Task Full anatomy rescan completed in 102ms
[2026-05-07T16:00:00.717Z] [INFO] Executing task: Full anatomy rescan
[2026-05-07T16:00:00.819Z] [INFO] Task Full anatomy rescan completed in 101ms
[2026-05-08T04:00:00.218Z] [INFO] Executing task: Full anatomy rescan
[2026-05-08T04:00:00.320Z] [INFO] Task Full anatomy rescan completed in 102ms
[2026-05-11T10:00:00.118Z] [INFO] Executing task: Full anatomy rescan
[2026-05-11T10:00:00.227Z] [INFO] Task Full anatomy rescan completed in 109ms
[2026-05-11T16:00:00.557Z] [INFO] Executing task: Full anatomy rescan
[2026-05-11T16:00:00.660Z] [INFO] Task Full anatomy rescan completed in 103ms
[2026-05-12T10:00:00.278Z] [INFO] Executing task: Full anatomy rescan
[2026-05-12T10:00:00.402Z] [INFO] Task Full anatomy rescan completed in 124ms
[2026-05-12T16:00:00.326Z] [INFO] Executing task: Full anatomy rescan
[2026-05-12T16:00:00.418Z] [INFO] Task Full anatomy rescan completed in 91ms
[2026-05-13T10:00:00.589Z] [INFO] Executing task: Full anatomy rescan
[2026-05-13T10:00:00.691Z] [INFO] Task Full anatomy rescan completed in 101ms
[2026-05-15T10:00:00.745Z] [INFO] Executing task: Full anatomy rescan
[2026-05-15T10:00:00.837Z] [INFO] Task Full anatomy rescan completed in 91ms
[2026-05-15T16:00:00.923Z] [INFO] Executing task: Full anatomy rescan
[2026-05-15T16:00:01.010Z] [INFO] Task Full anatomy rescan completed in 86ms
[2026-05-15T22:00:00.035Z] [INFO] Executing task: Full anatomy rescan
[2026-05-15T22:00:00.145Z] [INFO] Task Full anatomy rescan completed in 110ms
[2026-05-16T00:00:00.836Z] [INFO] Executing task: Consolidate old memory
[2026-05-16T00:00:00.852Z] [INFO] Task Consolidate old memory completed in 12ms
[2026-05-16T04:00:00.540Z] [INFO] Executing task: Full anatomy rescan
[2026-05-16T04:00:00.653Z] [INFO] Task Full anatomy rescan completed in 112ms
[2026-05-16T10:00:00.162Z] [INFO] Executing task: Full anatomy rescan
[2026-05-16T10:00:00.279Z] [INFO] Task Full anatomy rescan completed in 117ms
[2026-05-16T16:00:00.536Z] [INFO] Executing task: Full anatomy rescan
[2026-05-16T16:00:00.635Z] [INFO] Task Full anatomy rescan completed in 100ms
[2026-05-16T22:00:00.744Z] [INFO] Executing task: Full anatomy rescan
[2026-05-16T22:00:00.828Z] [INFO] Task Full anatomy rescan completed in 83ms
[2026-05-18T10:00:00.257Z] [INFO] Executing task: Full anatomy rescan
[2026-05-18T10:00:00.362Z] [INFO] Task Full anatomy rescan completed in 105ms
[2026-05-19T00:00:00.079Z] [INFO] Executing task: Consolidate old memory
[2026-05-19T00:00:00.097Z] [INFO] Task Consolidate old memory completed in 16ms
[2026-05-20T10:00:00.251Z] [INFO] Executing task: Full anatomy rescan
[2026-05-20T10:00:00.343Z] [INFO] Task Full anatomy rescan completed in 91ms
[2026-05-21T04:00:00.452Z] [INFO] Executing task: Full anatomy rescan
[2026-05-21T04:00:00.586Z] [INFO] Task Full anatomy rescan completed in 134ms
[2026-05-21T10:00:00.859Z] [INFO] Executing task: Full anatomy rescan
[2026-05-21T10:00:00.974Z] [INFO] Task Full anatomy rescan completed in 115ms
[2026-05-21T16:00:00.346Z] [INFO] Executing task: Full anatomy rescan
[2026-05-21T16:00:00.456Z] [INFO] Task Full anatomy rescan completed in 109ms
[2026-05-21T22:00:00.555Z] [INFO] Executing task: Full anatomy rescan
[2026-05-21T22:00:00.679Z] [INFO] Task Full anatomy rescan completed in 124ms
[2026-05-22T00:00:00.533Z] [INFO] Executing task: Consolidate old memory
[2026-05-22T00:00:00.554Z] [INFO] Task Consolidate old memory completed in 10ms
[2026-05-22T04:00:00.708Z] [INFO] Executing task: Full anatomy rescan
[2026-05-22T04:00:00.811Z] [INFO] Task Full anatomy rescan completed in 103ms
[2026-05-22T10:00:00.075Z] [INFO] Executing task: Full anatomy rescan
[2026-05-22T10:00:00.171Z] [INFO] Task Full anatomy rescan completed in 96ms
[2026-05-22T16:00:00.597Z] [INFO] Executing task: Full anatomy rescan
[2026-05-22T16:00:00.730Z] [INFO] Task Full anatomy rescan completed in 132ms
[2026-05-24T01:00:00.446Z] [INFO] Executing task: Cerebrum reflection
[2026-05-24T01:00:20.605Z] [INFO] Task Cerebrum reflection completed in 20158ms
[2026-05-24T22:00:00.885Z] [INFO] Executing task: Token audit report
[2026-05-24T22:00:00.916Z] [INFO] Task Token audit report completed in 32ms
[2026-05-24T22:00:00.917Z] [INFO] Executing task: Full anatomy rescan
[2026-05-24T22:00:01.006Z] [INFO] Task Full anatomy rescan completed in 89ms
[2026-05-25T10:00:00.738Z] [INFO] Executing task: Full anatomy rescan
[2026-05-25T10:00:00.854Z] [INFO] Task Full anatomy rescan completed in 115ms
[2026-05-25T16:00:00.176Z] [INFO] Executing task: Full anatomy rescan
[2026-05-25T16:00:00.294Z] [INFO] Task Full anatomy rescan completed in 118ms
[2026-05-25T22:00:00.988Z] [INFO] Executing task: Full anatomy rescan
[2026-05-25T22:00:01.119Z] [INFO] Task Full anatomy rescan completed in 131ms
[2026-05-26T00:00:00.117Z] [INFO] Executing task: Consolidate old memory
[2026-05-26T00:00:00.140Z] [INFO] Task Consolidate old memory completed in 22ms
[2026-05-26T04:00:00.793Z] [INFO] Executing task: Full anatomy rescan
[2026-05-26T04:00:00.924Z] [INFO] Task Full anatomy rescan completed in 131ms
[2026-05-26T16:00:00.319Z] [INFO] Executing task: Full anatomy rescan
[2026-05-26T16:00:00.470Z] [INFO] Task Full anatomy rescan completed in 150ms
[2026-05-26T22:00:00.444Z] [INFO] Executing task: Full anatomy rescan
[2026-05-26T22:00:00.613Z] [INFO] Task Full anatomy rescan completed in 169ms
[2026-05-27T06:53:22.777Z] [INFO] Daemon shutting down...
[2026-05-27T06:53:22.854Z] [INFO] Daemon stopped
